
Showing logs for build [32mcb-kubecd-environment-pr-1455-6-qrdzm-1[0m stage [32mfrom-build-pack[0m and container [32mstep-credential-initializer-lmwkv[0m
{"level":"info","ts":1588588371.4653697,"logger":"fallback-logger","caller":"logging/config.go:69","msg":"Fetch GitHub commit ID from kodata failed: open /var/run/ko/refs/heads/0.8.0-ns-support: no such file or directory"}
{"level":"info","ts":1588588371.4663076,"logger":"fallback-logger","caller":"creds-init/main.go:40","msg":"Credentials initialized."}

Showing logs for build [32mcb-kubecd-environment-pr-1455-6-qrdzm-1[0m stage [32mfrom-build-pack[0m and container [32mstep-working-dir-initializer-km2ff[0m
{"level":"info","ts":1588588372.6533096,"logger":"fallback-logger","caller":"logging/config.go:69","msg":"Fetch GitHub commit ID from kodata failed: open /var/run/ko/HEAD: no such file or directory"}
{"level":"info","ts":1588588372.655298,"logger":"fallback-logger","caller":"bash/main.go:64","msg":"Successfully executed command \"sh -c mkdir -p /workspace/source\"; output "}

Showing logs for build [32mcb-kubecd-environment-pr-1455-6-qrdzm-1[0m stage [32mfrom-build-pack[0m and container [32mstep-place-tools[0m

Showing logs for build [32mcb-kubecd-environment-pr-1455-6-qrdzm-1[0m stage [32mfrom-build-pack[0m and container [32mstep-git-source-cb-kubecd-environment-pr-1455-6-qrdzm-8f85x[0m
{"level":"info","ts":1588588378.1026583,"logger":"fallback-logger","caller":"logging/config.go:69","msg":"Fetch GitHub commit ID from kodata failed: open /var/run/ko/refs/heads/0.8.0-ns-support: no such file or directory"}
{"level":"info","ts":1588588379.2459366,"logger":"fallback-logger","caller":"git/git.go:103","msg":"Successfully cloned https://github.com/cb-kubecd/environment-pr-1455-69-bdd-frontend-staging.git @ v0.0.1 in path /workspace/source"}

Showing logs for build [32mcb-kubecd-environment-pr-1455-6-qrdzm-1[0m stage [32mfrom-build-pack[0m and container [32mstep-git-merge[0m
Using SHAs from PULL_REFS=master:b5ba81f7c058f0d8352d1d60208c30d26e431a47
WARNING: no SHAs to merge, falling back to initial cloned commit

Showing logs for build [32mcb-kubecd-environment-pr-1455-6-qrdzm-1[0m stage [32mfrom-build-pack[0m and container [32mstep-setup-jx-git-credentials[0m
Generated Git credentials file /builder/home/git/credentials

Showing logs for build [32mcb-kubecd-environment-pr-1455-6-qrdzm-1[0m stage [32mfrom-build-pack[0m and container [32mstep-build-helm-apply[0m
Modified file /workspace/source/env/Chart.yaml to set the chart to version 1
Namespace **-staging created 
creating the lock configmap **-lock-**-staging
lock configmap **-lock-**-staging created
Ignoring templates/.gitignore
Ignoring templates/wildcardcert-secret.yaml
WARNING: No $CHART_REPOSITORY defined so using the default value of: http://jenkins-x-chartmuseum:8080
Adding missing Helm repo: storage.googleapis.com https://storage.googleapis.com/chartmuseum.jenkins-x.io
WARNING: No secrets found on "helm/repos" due: reading the secret "helm/repos" from vault: no secret "helm/repos" not found in vault
Read credentials for https://storage.googleapis.com/chartmuseum.jenkins-x.io from vault helm/repos
Successfully added Helm repository storage.googleapis.com.
Adding missing Helm repo: jenkins-x-chartmuseum http://jenkins-x-chartmuseum:8080
WARNING: No secrets found on "helm/repos" due: reading the secret "helm/repos" from vault: no secret "helm/repos" not found in vault
Read credentials for http://jenkins-x-chartmuseum:8080 from vault helm/repos
Successfully added Helm repository jenkins-x-chartmuseum.
WARNING: No $CHART_REPOSITORY defined so using the default value of: http://jenkins-x-chartmuseum:8080
Adding missing Helm repo: chartmuseum.jenkins-x.io http://chartmuseum.jenkins-x.io
WARNING: No secrets found on "helm/repos" due: reading the secret "helm/repos" from vault: no secret "helm/repos" not found in vault
Read credentials for http://chartmuseum.jenkins-x.io from vault helm/repos
Successfully added Helm repository chartmuseum.jenkins-x.io.

cleaning the lock configmap **-lock-**-staging
