
Showing logs for build [32mcb-kubecd-environment-pr-1455-6-7k7lw-1[0m stage [32mfrom-build-pack[0m and container [32mstep-credential-initializer-vrmh9[0m
{"level":"info","ts":1588588284.6650589,"logger":"fallback-logger","caller":"logging/config.go:69","msg":"Fetch GitHub commit ID from kodata failed: open /var/run/ko/refs/heads/0.8.0-ns-support: no such file or directory"}
{"level":"info","ts":1588588284.665816,"logger":"fallback-logger","caller":"creds-init/main.go:40","msg":"Credentials initialized."}

Showing logs for build [32mcb-kubecd-environment-pr-1455-6-7k7lw-1[0m stage [32mfrom-build-pack[0m and container [32mstep-working-dir-initializer-czlgr[0m
{"level":"info","ts":1588588286.0779104,"logger":"fallback-logger","caller":"logging/config.go:69","msg":"Fetch GitHub commit ID from kodata failed: open /var/run/ko/HEAD: no such file or directory"}
{"level":"info","ts":1588588286.0799046,"logger":"fallback-logger","caller":"bash/main.go:64","msg":"Successfully executed command \"sh -c mkdir -p /workspace/source\"; output "}

Showing logs for build [32mcb-kubecd-environment-pr-1455-6-7k7lw-1[0m stage [32mfrom-build-pack[0m and container [32mstep-place-tools[0m

Showing logs for build [32mcb-kubecd-environment-pr-1455-6-7k7lw-1[0m stage [32mfrom-build-pack[0m and container [32mstep-git-source-cb-kubecd-environment-pr-1455-6-7k7lw-4frb5[0m
{"level":"info","ts":1588588290.1830444,"logger":"fallback-logger","caller":"logging/config.go:69","msg":"Fetch GitHub commit ID from kodata failed: open /var/run/ko/refs/heads/0.8.0-ns-support: no such file or directory"}
{"level":"info","ts":1588588291.2373598,"logger":"fallback-logger","caller":"git/git.go:103","msg":"Successfully cloned https://github.com/cb-kubecd/environment-pr-1455-69-bdd-frontend-staging.git @ master in path /workspace/source"}

Showing logs for build [32mcb-kubecd-environment-pr-1455-6-7k7lw-1[0m stage [32mfrom-build-pack[0m and container [32mstep-git-merge[0m
Using SHAs from PULL_REFS=master:cc86207f36e099bfce9a4fd181e659a065faee5c,1:08e9e9195cb04d2dc431eff4054197ce9398bb1b
DEBUG: JX_LOG_LEVEL=error LC_ALL=C git fetch origin --unshallow 08e9e9195cb04d2dc431eff4054197ce9398bb1b: cc86207f36e099bfce9a4fd181e659a065faee5c:
DEBUG: ran git fetch --unshallow origin 08e9e9195cb04d2dc431eff4054197ce9398bb1b: cc86207f36e099bfce9a4fd181e659a065faee5c: in 
DEBUG: LC_ALL=C JX_LOG_LEVEL=error git branch
DEBUG: LC_ALL=C JX_LOG_LEVEL=error git checkout master
DEBUG: ran git checkout master in 
DEBUG: JX_LOG_LEVEL=error LC_ALL=C git reset --hard cc86207f36e099bfce9a4fd181e659a065faee5c
DEBUG: ran git reset --hard cc86207f36e099bfce9a4fd181e659a065faee5c in 
DEBUG: LC_ALL=C JX_LOG_LEVEL=error git clean -fd .
DEBUG: ran clean --force -d . in 
DEBUG: LC_ALL=C JX_LOG_LEVEL=error git merge 08e9e9195cb04d2dc431eff4054197ce9398bb1b
DEBUG: ran git merge 08e9e9195cb04d2dc431eff4054197ce9398bb1b in 
DEBUG: LC_ALL=C JX_LOG_LEVEL=error git log --format=%H%x1f%an%x1f%ae%x1f%cn%x1f%ce%x1f%s%n%b%x1e cc86207f36e099bfce9a4fd181e659a065faee5c..HEAD
Merged SHA 08e9e9195cb04d2dc431eff4054197ce9398bb1b with commit message 'chore: Promote bdd-nh-1588587191 to version 0.0.1' into base branch master

Showing logs for build [32mcb-kubecd-environment-pr-1455-6-7k7lw-1[0m stage [32mfrom-build-pack[0m and container [32mstep-build-helm-build[0m
WARNING: No $CHART_REPOSITORY defined so using the default value of: http://jenkins-x-chartmuseum:8080
Adding missing Helm repo: storage.googleapis.com https://storage.googleapis.com/chartmuseum.jenkins-x.io
WARNING: No secrets found on "helm/repos" due: reading the secret "helm/repos" from vault: no secret "helm/repos" not found in vault
Read credentials for https://storage.googleapis.com/chartmuseum.jenkins-x.io from vault helm/repos
Successfully added Helm repository storage.googleapis.com.
Adding missing Helm repo: jenkins-x-chartmuseum http://jenkins-x-chartmuseum:8080
WARNING: No secrets found on "helm/repos" due: reading the secret "helm/repos" from vault: no secret "helm/repos" not found in vault
Read credentials for http://jenkins-x-chartmuseum:8080 from vault helm/repos
Successfully added Helm repository jenkins-x-chartmuseum.
WARNING: No $CHART_REPOSITORY defined so using the default value of: http://jenkins-x-chartmuseum:8080
Adding missing Helm repo: chartmuseum.jenkins-x.io http://chartmuseum.jenkins-x.io
WARNING: No secrets found on "helm/repos" due: reading the secret "helm/repos" from vault: no secret "helm/repos" not found in vault
Read credentials for http://chartmuseum.jenkins-x.io from vault helm/repos
Successfully added Helm repository chartmuseum.jenkins-x.io.
